Parsing metadata from Series Matrix...
Building counts matrix from raw files...
Found 537 files.
  Processed 50 files...
  Processed 100 files...
  Processed 150 files...
  Processed 200 files...
  Processed 250 files...
  Processed 300 files...
  Processed 350 files...
  Processed 400 files...
  Processed 450 files...
  Processed 500 files...
Concatenating...
Running Differential Expression...
  AMD: 104 samples, Control: 433 samples
Saved DE results to /home/ysuhail/work/Tannin-AMD/results/external-validation/GSE135092_DE_results.csv
Saved risk gene expression.

Risk Genes in GSE135092:
                    logfc    pvalue  mean_expr gene_symbol
ensembl_gene_id                                           
ENSG00000000971 -0.085992  0.804225   5.757283         CFH
ENSG00000130203  0.024684  0.762483   9.025153        APOE
ENSG00000166033  0.042473  0.565524   8.137116       HTRA1
ENSG00000167995 -0.029735  0.911499   7.367171       BEST1
